I0425 13:15:18.299106   27359 load.go:31] Reloading schema and connectors...
I0425 13:15:18.305741   27359 control.go:100] [projects/emulator/locations/emulator/services/skild-6795b-service f50e] UpdateResources(): done
Main schema: sources: schema/schema.gql [470B] 
Connector "example": sources: 
E0425 13:15:18.310342   27359 load.go:95] Errors generating SDK: [connector "example"]: invalid Data Connect Connector no query found in connector
I0425 13:15:18.311924   27359 collector.go:107] schema extensions wrote into "/Users/brandonperfetti/dev/js_mastery/skild/dataconnect/.dataconnect/schema"
Generated sources: prelude.gql [82799B] main/query.gql [2404B] main/mutation.gql [6444B] main/implicit.gql [266B] main/input.gql [16026B] main/relation.gql [6578B] 
I0425 13:15:18.312367   27359 load.go:109] Finished reloading
I0425 13:15:18.313314   27359 dev.go:104] Listening on address (HTTP + gRPC): 127.0.0.1:9399
I0425 13:15:18.313380   27359 dev.go:104] Listening on address (HTTP + gRPC): [::1]:9399
I0425 13:15:21.973975   27359 migrate.go:24] Running migration SQL:
Step 1: CREATE EXTENSION IF NOT EXISTS "uuid-ossp"
Step 2: CREATE TABLE "public"."user" ("clerk_id" text NOT NULL, "email" text NOT NULL, "image_url" text NULL, "username" text NULL, PRIMARY KEY ("clerk_id"))
Step 3: CREATE UNIQUE INDEX "user_clerkId_uidx" ON "public"."user" ("clerk_id")
Step 4: CREATE TABLE "public"."skill" ("id" uuid NOT NULL DEFAULT uuid_generate_v4(), "author_clerk_id" text NOT NULL, "created_at" timestamptz NOT NULL, "description" text NOT NULL, "install_command" text NOT NULL, "prompt_config" text NOT NULL, "tags" text[] NOT NULL, "title" text NOT NULL, "usage_example" text NOT NULL, PRIMARY KEY ("id"), CONSTRAINT "skill_author_clerk_id_fkey" FOREIGN KEY ("author_clerk_id") REFERENCES "public"."user" ("clerk_id") ON DELETE CASCADE)
Step 5: CREATE INDEX "skill_authorClerkId_idx" ON "public"."skill" ("author_clerk_id")
I0425 13:15:22.018529   27359 control.go:100] [projects/emulator/locations/emulator/services/skild-6795b-service 2a74] UpdateResources(): done
Main schema: sources: schema/schema.gql [470B] 
Connector "example": sources: 
I0425 13:15:22.021178   27359 configure_emulator.go:21] ConfigureEmulator successed
Request: service_id: "skild-6795b-service"
connection_string: "postgres://127.0.0.1:5432/skild-6795b-database?sslmode=disable"
database: "skild-6795b-database"

Response: 
I0425 13:16:02.307636   27359 execute.go:57] Database ping is quick (likely cached), took 15.818417ms
I0425 13:16:02.312160   27359 engine.go:209] [projects/emulator/locations/emulator/services/skild-6795b-service 2a74] ExecuteGraphql query : succeeded. 
E0425 13:41:38.337115   27359 watch.go:40] Failed to load config from "/Users/brandonperfetti/dev/js_mastery/skild/dataconnect": could not read connector.yaml at `/Users/brandonperfetti/dev/js_mastery/skild/dataconnect/example/connector.yaml`: open /Users/brandonperfetti/dev/js_mastery/skild/dataconnect/example/connector.yaml: no such file or directory
E0425 13:41:48.333058   27359 watch.go:40] Failed to load config from "/Users/brandonperfetti/dev/js_mastery/skild/dataconnect": could not read connector.yaml at `/Users/brandonperfetti/dev/js_mastery/skild/dataconnect/example/connector.yaml`: open /Users/brandonperfetti/dev/js_mastery/skild/dataconnect/example/connector.yaml: no such file or directory
E0425 13:41:58.334966   27359 watch.go:40] Failed to load config from "/Users/brandonperfetti/dev/js_mastery/skild/dataconnect": could not read connector.yaml at `/Users/brandonperfetti/dev/js_mastery/skild/dataconnect/example/connector.yaml`: open /Users/brandonperfetti/dev/js_mastery/skild/dataconnect/example/connector.yaml: no such file or directory
E0425 13:42:08.333795   27359 watch.go:40] Failed to load config from "/Users/brandonperfetti/dev/js_mastery/skild/dataconnect": could not read connector.yaml at `/Users/brandonperfetti/dev/js_mastery/skild/dataconnect/example/connector.yaml`: open /Users/brandonperfetti/dev/js_mastery/skild/dataconnect/example/connector.yaml: no such file or directory
E0425 13:42:18.329289   27359 watch.go:40] Failed to load config from "/Users/brandonperfetti/dev/js_mastery/skild/dataconnect": could not read connector.yaml at `/Users/brandonperfetti/dev/js_mastery/skild/dataconnect/example/connector.yaml`: open /Users/brandonperfetti/dev/js_mastery/skild/dataconnect/example/connector.yaml: no such file or directory
E0425 13:42:28.341565   27359 watch.go:40] Failed to load config from "/Users/brandonperfetti/dev/js_mastery/skild/dataconnect": could not read connector.yaml at `/Users/brandonperfetti/dev/js_mastery/skild/dataconnect/example/connector.yaml`: open /Users/brandonperfetti/dev/js_mastery/skild/dataconnect/example/connector.yaml: no such file or directory
E0425 13:42:38.329375   27359 watch.go:40] Failed to load config from "/Users/brandonperfetti/dev/js_mastery/skild/dataconnect": could not read connector.yaml at `/Users/brandonperfetti/dev/js_mastery/skild/dataconnect/example/connector.yaml`: open /Users/brandonperfetti/dev/js_mastery/skild/dataconnect/example/connector.yaml: no such file or directory
E0425 13:42:48.339860   27359 watch.go:40] Failed to load config from "/Users/brandonperfetti/dev/js_mastery/skild/dataconnect": could not read connector.yaml at `/Users/brandonperfetti/dev/js_mastery/skild/dataconnect/example/connector.yaml`: open /Users/brandonperfetti/dev/js_mastery/skild/dataconnect/example/connector.yaml: no such file or directory
E0425 13:42:58.385001   27359 watch.go:40] Failed to load config from "/Users/brandonperfetti/dev/js_mastery/skild/dataconnect": could not read connector.yaml at `/Users/brandonperfetti/dev/js_mastery/skild/dataconnect/example/connector.yaml`: open /Users/brandonperfetti/dev/js_mastery/skild/dataconnect/example/connector.yaml: no such file or directory
E0425 13:43:08.329730   27359 watch.go:40] Failed to load config from "/Users/brandonperfetti/dev/js_mastery/skild/dataconnect": could not read connector.yaml at `/Users/brandonperfetti/dev/js_mastery/skild/dataconnect/example/connector.yaml`: open /Users/brandonperfetti/dev/js_mastery/skild/dataconnect/example/connector.yaml: no such file or directory
E0425 13:43:18.329307   27359 watch.go:40] Failed to load config from "/Users/brandonperfetti/dev/js_mastery/skild/dataconnect": could not read connector.yaml at `/Users/brandonperfetti/dev/js_mastery/skild/dataconnect/example/connector.yaml`: open /Users/brandonperfetti/dev/js_mastery/skild/dataconnect/example/connector.yaml: no such file or directory
E0425 13:43:28.329813   27359 watch.go:40] Failed to load config from "/Users/brandonperfetti/dev/js_mastery/skild/dataconnect": could not read connector.yaml at `/Users/brandonperfetti/dev/js_mastery/skild/dataconnect/example/connector.yaml`: open /Users/brandonperfetti/dev/js_mastery/skild/dataconnect/example/connector.yaml: no such file or directory
E0425 13:43:38.331526   27359 watch.go:40] Failed to load config from "/Users/brandonperfetti/dev/js_mastery/skild/dataconnect": could not read connector.yaml at `/Users/brandonperfetti/dev/js_mastery/skild/dataconnect/example/connector.yaml`: open /Users/brandonperfetti/dev/js_mastery/skild/dataconnect/example/connector.yaml: no such file or directory
E0425 13:43:48.331206   27359 watch.go:40] Failed to load config from "/Users/brandonperfetti/dev/js_mastery/skild/dataconnect": could not read connector.yaml at `/Users/brandonperfetti/dev/js_mastery/skild/dataconnect/example/connector.yaml`: open /Users/brandonperfetti/dev/js_mastery/skild/dataconnect/example/connector.yaml: no such file or directory
E0425 13:43:58.330335   27359 watch.go:40] Failed to load config from "/Users/brandonperfetti/dev/js_mastery/skild/dataconnect": could not read connector.yaml at `/Users/brandonperfetti/dev/js_mastery/skild/dataconnect/example/connector.yaml`: open /Users/brandonperfetti/dev/js_mastery/skild/dataconnect/example/connector.yaml: no such file or directory
E0425 13:44:08.330347   27359 watch.go:40] Failed to load config from "/Users/brandonperfetti/dev/js_mastery/skild/dataconnect": could not read connector.yaml at `/Users/brandonperfetti/dev/js_mastery/skild/dataconnect/example/connector.yaml`: open /Users/brandonperfetti/dev/js_mastery/skild/dataconnect/example/connector.yaml: no such file or directory
E0425 13:44:18.329930   27359 watch.go:40] Failed to load config from "/Users/brandonperfetti/dev/js_mastery/skild/dataconnect": could not read connector.yaml at `/Users/brandonperfetti/dev/js_mastery/skild/dataconnect/example/connector.yaml`: open /Users/brandonperfetti/dev/js_mastery/skild/dataconnect/example/connector.yaml: no such file or directory
E0425 13:44:28.329498   27359 watch.go:40] Failed to load config from "/Users/brandonperfetti/dev/js_mastery/skild/dataconnect": could not read connector.yaml at `/Users/brandonperfetti/dev/js_mastery/skild/dataconnect/example/connector.yaml`: open /Users/brandonperfetti/dev/js_mastery/skild/dataconnect/example/connector.yaml: no such file or directory
E0425 13:44:38.330254   27359 watch.go:40] Failed to load config from "/Users/brandonperfetti/dev/js_mastery/skild/dataconnect": could not read connector.yaml at `/Users/brandonperfetti/dev/js_mastery/skild/dataconnect/example/connector.yaml`: open /Users/brandonperfetti/dev/js_mastery/skild/dataconnect/example/connector.yaml: no such file or directory
E0425 13:44:48.331045   27359 watch.go:40] Failed to load config from "/Users/brandonperfetti/dev/js_mastery/skild/dataconnect": could not read connector.yaml at `/Users/brandonperfetti/dev/js_mastery/skild/dataconnect/example/connector.yaml`: open /Users/brandonperfetti/dev/js_mastery/skild/dataconnect/example/connector.yaml: no such file or directory
E0425 13:44:58.329953   27359 watch.go:40] Failed to load config from "/Users/brandonperfetti/dev/js_mastery/skild/dataconnect": could not read connector.yaml at `/Users/brandonperfetti/dev/js_mastery/skild/dataconnect/example/connector.yaml`: open /Users/brandonperfetti/dev/js_mastery/skild/dataconnect/example/connector.yaml: no such file or directory
E0425 13:45:08.347727   27359 watch.go:40] Failed to load config from "/Users/brandonperfetti/dev/js_mastery/skild/dataconnect": could not read connector.yaml at `/Users/brandonperfetti/dev/js_mastery/skild/dataconnect/example/connector.yaml`: open /Users/brandonperfetti/dev/js_mastery/skild/dataconnect/example/connector.yaml: no such file or directory
E0425 13:45:18.341401   27359 watch.go:40] Failed to load config from "/Users/brandonperfetti/dev/js_mastery/skild/dataconnect": could not read connector.yaml at `/Users/brandonperfetti/dev/js_mastery/skild/dataconnect/example/connector.yaml`: open /Users/brandonperfetti/dev/js_mastery/skild/dataconnect/example/connector.yaml: no such file or directory
E0425 13:45:28.337576   27359 watch.go:40] Failed to load config from "/Users/brandonperfetti/dev/js_mastery/skild/dataconnect": could not read connector.yaml at `/Users/brandonperfetti/dev/js_mastery/skild/dataconnect/example/connector.yaml`: open /Users/brandonperfetti/dev/js_mastery/skild/dataconnect/example/connector.yaml: no such file or directory
E0425 13:45:38.341196   27359 watch.go:40] Failed to load config from "/Users/brandonperfetti/dev/js_mastery/skild/dataconnect": could not read connector.yaml at `/Users/brandonperfetti/dev/js_mastery/skild/dataconnect/example/connector.yaml`: open /Users/brandonperfetti/dev/js_mastery/skild/dataconnect/example/connector.yaml: no such file or directory
E0425 13:45:48.331125   27359 watch.go:40] Failed to load config from "/Users/brandonperfetti/dev/js_mastery/skild/dataconnect": could not read connector.yaml at `/Users/brandonperfetti/dev/js_mastery/skild/dataconnect/example/connector.yaml`: open /Users/brandonperfetti/dev/js_mastery/skild/dataconnect/example/connector.yaml: no such file or directory
E0425 13:45:58.331018   27359 watch.go:40] Failed to load config from "/Users/brandonperfetti/dev/js_mastery/skild/dataconnect": could not read connector.yaml at `/Users/brandonperfetti/dev/js_mastery/skild/dataconnect/example/connector.yaml`: open /Users/brandonperfetti/dev/js_mastery/skild/dataconnect/example/connector.yaml: no such file or directory
E0425 13:46:08.331229   27359 watch.go:40] Failed to load config from "/Users/brandonperfetti/dev/js_mastery/skild/dataconnect": could not read connector.yaml at `/Users/brandonperfetti/dev/js_mastery/skild/dataconnect/example/connector.yaml`: open /Users/brandonperfetti/dev/js_mastery/skild/dataconnect/example/connector.yaml: no such file or directory
E0425 13:46:18.340121   27359 watch.go:40] Failed to load config from "/Users/brandonperfetti/dev/js_mastery/skild/dataconnect": could not read connector.yaml at `/Users/brandonperfetti/dev/js_mastery/skild/dataconnect/example/connector.yaml`: open /Users/brandonperfetti/dev/js_mastery/skild/dataconnect/example/connector.yaml: no such file or directory
E0425 13:46:28.337088   27359 watch.go:40] Failed to load config from "/Users/brandonperfetti/dev/js_mastery/skild/dataconnect": could not read connector.yaml at `/Users/brandonperfetti/dev/js_mastery/skild/dataconnect/example/connector.yaml`: open /Users/brandonperfetti/dev/js_mastery/skild/dataconnect/example/connector.yaml: no such file or directory
E0425 13:46:38.390715   27359 watch.go:40] Failed to load config from "/Users/brandonperfetti/dev/js_mastery/skild/dataconnect": could not read connector.yaml at `/Users/brandonperfetti/dev/js_mastery/skild/dataconnect/example/connector.yaml`: open /Users/brandonperfetti/dev/js_mastery/skild/dataconnect/example/connector.yaml: no such file or directory
E0425 13:46:48.340968   27359 watch.go:40] Failed to load config from "/Users/brandonperfetti/dev/js_mastery/skild/dataconnect": could not read connector.yaml at `/Users/brandonperfetti/dev/js_mastery/skild/dataconnect/example/connector.yaml`: open /Users/brandonperfetti/dev/js_mastery/skild/dataconnect/example/connector.yaml: no such file or directory
E0425 13:46:58.336756   27359 watch.go:40] Failed to load config from "/Users/brandonperfetti/dev/js_mastery/skild/dataconnect": could not read connector.yaml at `/Users/brandonperfetti/dev/js_mastery/skild/dataconnect/example/connector.yaml`: open /Users/brandonperfetti/dev/js_mastery/skild/dataconnect/example/connector.yaml: no such file or directory
E0425 13:47:08.332477   27359 watch.go:40] Failed to load config from "/Users/brandonperfetti/dev/js_mastery/skild/dataconnect": could not read connector.yaml at `/Users/brandonperfetti/dev/js_mastery/skild/dataconnect/example/connector.yaml`: open /Users/brandonperfetti/dev/js_mastery/skild/dataconnect/example/connector.yaml: no such file or directory
E0425 13:47:18.351304   27359 watch.go:40] Failed to load config from "/Users/brandonperfetti/dev/js_mastery/skild/dataconnect": could not read connector.yaml at `/Users/brandonperfetti/dev/js_mastery/skild/dataconnect/example/connector.yaml`: open /Users/brandonperfetti/dev/js_mastery/skild/dataconnect/example/connector.yaml: no such file or directory
E0425 13:47:28.334054   27359 watch.go:40] Failed to load config from "/Users/brandonperfetti/dev/js_mastery/skild/dataconnect": could not read connector.yaml at `/Users/brandonperfetti/dev/js_mastery/skild/dataconnect/example/connector.yaml`: open /Users/brandonperfetti/dev/js_mastery/skild/dataconnect/example/connector.yaml: no such file or directory
E0425 13:47:38.331266   27359 watch.go:40] Failed to load config from "/Users/brandonperfetti/dev/js_mastery/skild/dataconnect": could not read connector.yaml at `/Users/brandonperfetti/dev/js_mastery/skild/dataconnect/example/connector.yaml`: open /Users/brandonperfetti/dev/js_mastery/skild/dataconnect/example/connector.yaml: no such file or directory
E0425 13:47:48.331812   27359 watch.go:40] Failed to load config from "/Users/brandonperfetti/dev/js_mastery/skild/dataconnect": could not read connector.yaml at `/Users/brandonperfetti/dev/js_mastery/skild/dataconnect/example/connector.yaml`: open /Users/brandonperfetti/dev/js_mastery/skild/dataconnect/example/connector.yaml: no such file or directory
E0425 13:47:58.331578   27359 watch.go:40] Failed to load config from "/Users/brandonperfetti/dev/js_mastery/skild/dataconnect": could not read connector.yaml at `/Users/brandonperfetti/dev/js_mastery/skild/dataconnect/example/connector.yaml`: open /Users/brandonperfetti/dev/js_mastery/skild/dataconnect/example/connector.yaml: no such file or directory
E0425 13:48:08.331219   27359 watch.go:40] Failed to load config from "/Users/brandonperfetti/dev/js_mastery/skild/dataconnect": could not read connector.yaml at `/Users/brandonperfetti/dev/js_mastery/skild/dataconnect/example/connector.yaml`: open /Users/brandonperfetti/dev/js_mastery/skild/dataconnect/example/connector.yaml: no such file or directory
E0425 13:48:18.332277   27359 watch.go:40] Failed to load config from "/Users/brandonperfetti/dev/js_mastery/skild/dataconnect": could not read connector.yaml at `/Users/brandonperfetti/dev/js_mastery/skild/dataconnect/example/connector.yaml`: open /Users/brandonperfetti/dev/js_mastery/skild/dataconnect/example/connector.yaml: no such file or directory
E0425 13:48:28.331561   27359 watch.go:40] Failed to load config from "/Users/brandonperfetti/dev/js_mastery/skild/dataconnect": could not read connector.yaml at `/Users/brandonperfetti/dev/js_mastery/skild/dataconnect/example/connector.yaml`: open /Users/brandonperfetti/dev/js_mastery/skild/dataconnect/example/connector.yaml: no such file or directory
E0425 13:48:38.342405   27359 watch.go:40] Failed to load config from "/Users/brandonperfetti/dev/js_mastery/skild/dataconnect": could not read connector.yaml at `/Users/brandonperfetti/dev/js_mastery/skild/dataconnect/example/connector.yaml`: open /Users/brandonperfetti/dev/js_mastery/skild/dataconnect/example/connector.yaml: no such file or directory
E0425 13:48:48.630911   27359 watch.go:40] Failed to load config from "/Users/brandonperfetti/dev/js_mastery/skild/dataconnect": could not read connector.yaml at `/Users/brandonperfetti/dev/js_mastery/skild/dataconnect/example/connector.yaml`: open /Users/brandonperfetti/dev/js_mastery/skild/dataconnect/example/connector.yaml: no such file or directory
E0425 13:48:58.345045   27359 watch.go:40] Failed to load config from "/Users/brandonperfetti/dev/js_mastery/skild/dataconnect": could not read connector.yaml at `/Users/brandonperfetti/dev/js_mastery/skild/dataconnect/example/connector.yaml`: open /Users/brandonperfetti/dev/js_mastery/skild/dataconnect/example/connector.yaml: no such file or directory
E0425 13:49:08.335816   27359 watch.go:40] Failed to load config from "/Users/brandonperfetti/dev/js_mastery/skild/dataconnect": could not read connector.yaml at `/Users/brandonperfetti/dev/js_mastery/skild/dataconnect/example/connector.yaml`: open /Users/brandonperfetti/dev/js_mastery/skild/dataconnect/example/connector.yaml: no such file or directory
E0425 13:49:18.409674   27359 watch.go:40] Failed to load config from "/Users/brandonperfetti/dev/js_mastery/skild/dataconnect": could not read connector.yaml at `/Users/brandonperfetti/dev/js_mastery/skild/dataconnect/example/connector.yaml`: open /Users/brandonperfetti/dev/js_mastery/skild/dataconnect/example/connector.yaml: no such file or directory
